{"C:\\development\\repos\\rapier-rush\\src\\game\\constants.ts": {"path":"C:\\development\\repos\\rapier-rush\\src\\game\\constants.ts","statementMap":{"0":{"start":{"line":1,"column":30},"end":{"line":7,"column":null}},"1":{"start":{"line":9,"column":21},"end":{"line":14,"column":null}},"2":{"start":{"line":16,"column":22},"end":{"line":23,"column":null}},"3":{"start":{"line":25,"column":26},"end":{"line":29,"column":null}}},"fnMap":{},"branchMap":{},"s":{"0":2,"1":2,"2":2,"3":2},"f":{},"b":{},"meta":{"lastBranch":0,"lastFunction":0,"lastStatement":4,"seen":{"s:1:30:7:Infinity":0,"s:9:21:14:Infinity":1,"s:16:22:23:Infinity":2,"s:25:26:29:Infinity":3}}}
,"C:\\development\\repos\\rapier-rush\\src\\game\\logic\\opponentAI.ts": {"path":"C:\\development\\repos\\rapier-rush\\src\\game\\logic\\opponentAI.ts","statementMap":{"0":{"start":{"line":9,"column":33},"end":{"line":9,"column":null}},"1":{"start":{"line":11,"column":37},"end":{"line":15,"column":null}},"2":{"start":{"line":26,"column":22},"end":{"line":26,"column":null}},"3":{"start":{"line":27,"column":30},"end":{"line":27,"column":null}},"4":{"start":{"line":30,"column":30},"end":{"line":30,"column":null}},"5":{"start":{"line":31,"column":29},"end":{"line":31,"column":null}},"6":{"start":{"line":34,"column":2},"end":{"line":39,"column":null}},"7":{"start":{"line":35,"column":4},"end":{"line":38,"column":null}},"8":{"start":{"line":42,"column":25},"end":{"line":42,"column":null}},"9":{"start":{"line":43,"column":26},"end":{"line":43,"column":null}},"10":{"start":{"line":44,"column":25},"end":{"line":44,"column":null}},"11":{"start":{"line":46,"column":2},"end":{"line":66,"column":null}},"12":{"start":{"line":48,"column":23},"end":{"line":48,"column":null}},"13":{"start":{"line":49,"column":4},"end":{"line":53,"column":null}},"14":{"start":{"line":54,"column":9},"end":{"line":66,"column":null}},"15":{"start":{"line":56,"column":4},"end":{"line":59,"column":null}},"16":{"start":{"line":62,"column":4},"end":{"line":65,"column":null}},"17":{"start":{"line":74,"column":36},"end":{"line":74,"column":null}},"18":{"start":{"line":77,"column":2},"end":{"line":80,"column":null}},"19":{"start":{"line":78,"column":25},"end":{"line":78,"column":null}},"20":{"start":{"line":79,"column":4},"end":{"line":79,"column":null}},"21":{"start":{"line":83,"column":2},"end":{"line":89,"column":null}},"22":{"start":{"line":85,"column":4},"end":{"line":85,"column":null}},"23":{"start":{"line":88,"column":4},"end":{"line":88,"column":null}},"24":{"start":{"line":96,"column":49},"end":{"line":103,"column":null}},"25":{"start":{"line":105,"column":17},"end":{"line":105,"column":null}},"26":{"start":{"line":106,"column":31},"end":{"line":106,"column":null}},"27":{"start":{"line":108,"column":2},"end":{"line":108,"column":null}},"28":{"start":{"line":115,"column":2},"end":{"line":115,"column":null}},"29":{"start":{"line":125,"column":23},"end":{"line":125,"column":null}},"30":{"start":{"line":126,"column":18},"end":{"line":126,"column":null}},"31":{"start":{"line":128,"column":21},"end":{"line":128,"column":null}},"32":{"start":{"line":129,"column":48},"end":{"line":129,"column":null}},"33":{"start":{"line":130,"column":2},"end":{"line":136,"column":null}},"34":{"start":{"line":131,"column":4},"end":{"line":131,"column":null}},"35":{"start":{"line":132,"column":9},"end":{"line":136,"column":null}},"36":{"start":{"line":133,"column":4},"end":{"line":133,"column":null}},"37":{"start":{"line":135,"column":4},"end":{"line":135,"column":null}},"38":{"start":{"line":138,"column":2},"end":{"line":138,"column":null}}},"fnMap":{"0":{"name":"getOpponentMove","decl":{"start":{"line":20,"column":16},"end":{"line":20,"column":null}},"loc":{"start":{"line":25,"column":14},"end":{"line":67,"column":null}},"line":25},"1":{"name":"selectAttackType","decl":{"start":{"line":73,"column":9},"end":{"line":73,"column":26}},"loc":{"start":{"line":73,"column":77},"end":{"line":90,"column":null}},"line":73},"2":{"name":"calculateAttackDamage","decl":{"start":{"line":95,"column":16},"end":{"line":95,"column":38}},"loc":{"start":{"line":95,"column":94},"end":{"line":109,"column":null}},"line":95},"3":{"name":"getAttackSpeed","decl":{"start":{"line":114,"column":16},"end":{"line":114,"column":31}},"loc":{"start":{"line":114,"column":82},"end":{"line":116,"column":null}},"line":114},"4":{"name":"predictNextAttack","decl":{"start":{"line":121,"column":16},"end":{"line":121,"column":34}},"loc":{"start":{"line":124,"column":2},"end":{"line":139,"column":null}},"line":124}},"branchMap":{"0":{"loc":{"start":{"line":34,"column":2},"end":{"line":39,"column":null}},"type":"if","locations":[{"start":{"line":34,"column":2},"end":{"line":39,"column":null}},{"start":{},"end":{}}],"line":34},"1":{"loc":{"start":{"line":46,"column":2},"end":{"line":66,"column":null}},"type":"if","locations":[{"start":{"line":46,"column":2},"end":{"line":66,"column":null}},{"start":{"line":54,"column":9},"end":{"line":66,"column":null}}],"line":46},"2":{"loc":{"start":{"line":54,"column":9},"end":{"line":66,"column":null}},"type":"if","locations":[{"start":{"line":54,"column":9},"end":{"line":66,"column":null}},{"start":{"line":60,"column":9},"end":{"line":66,"column":null}}],"line":54},"3":{"loc":{"start":{"line":77,"column":2},"end":{"line":80,"column":null}},"type":"if","locations":[{"start":{"line":77,"column":2},"end":{"line":80,"column":null}},{"start":{},"end":{}}],"line":77},"4":{"loc":{"start":{"line":79,"column":12},"end":{"line":79,"column":null}},"type":"binary-expr","locations":[{"start":{"line":79,"column":12},"end":{"line":79,"column":73}},{"start":{"line":79,"column":73},"end":{"line":79,"column":null}}],"line":79},"5":{"loc":{"start":{"line":83,"column":2},"end":{"line":89,"column":null}},"type":"if","locations":[{"start":{"line":83,"column":2},"end":{"line":89,"column":null}},{"start":{"line":86,"column":9},"end":{"line":89,"column":null}}],"line":83},"6":{"loc":{"start":{"line":105,"column":17},"end":{"line":105,"column":null}},"type":"binary-expr","locations":[{"start":{"line":105,"column":17},"end":{"line":105,"column":47}},{"start":{"line":105,"column":47},"end":{"line":105,"column":null}}],"line":105},"7":{"loc":{"start":{"line":114,"column":51},"end":{"line":114,"column":82}},"type":"default-arg","locations":[{"start":{"line":114,"column":71},"end":{"line":114,"column":82}}],"line":114},"8":{"loc":{"start":{"line":130,"column":2},"end":{"line":136,"column":null}},"type":"if","locations":[{"start":{"line":130,"column":2},"end":{"line":136,"column":null}},{"start":{"line":132,"column":9},"end":{"line":136,"column":null}}],"line":130},"9":{"loc":{"start":{"line":132,"column":9},"end":{"line":136,"column":null}},"type":"if","locations":[{"start":{"line":132,"column":9},"end":{"line":136,"column":null}},{"start":{"line":134,"column":9},"end":{"line":136,"column":null}}],"line":132}},"s":{"0":1,"1":1,"2":1155,"3":1155,"4":1155,"5":1155,"6":1155,"7":1,"8":1154,"9":1154,"10":1154,"11":1154,"12":851,"13":851,"14":303,"15":119,"16":184,"17":851,"18":851,"19":40,"20":40,"21":811,"22":0,"23":811,"24":11,"25":11,"26":11,"27":11,"28":10,"29":305,"30":305,"31":305,"32":305,"33":305,"34":103,"35":202,"36":87,"37":115,"38":305},"f":{"0":1155,"1":851,"2":11,"3":10,"4":305},"b":{"0":[1,1154],"1":[851,303],"2":[119,184],"3":[40,811],"4":[40,0],"5":[0,811],"6":[11,2],"7":[10],"8":[103,202],"9":[87,115]},"meta":{"lastBranch":10,"lastFunction":5,"lastStatement":39,"seen":{"s:9:33:9:Infinity":0,"s:11:37:15:Infinity":1,"f:20:16:20:Infinity":0,"s:26:22:26:Infinity":2,"s:27:30:27:Infinity":3,"s:30:30:30:Infinity":4,"s:31:29:31:Infinity":5,"b:34:2:39:Infinity:undefined:undefined:undefined:undefined":0,"s:34:2:39:Infinity":6,"s:35:4:38:Infinity":7,"s:42:25:42:Infinity":8,"s:43:26:43:Infinity":9,"s:44:25:44:Infinity":10,"b:46:2:66:Infinity:54:9:66:Infinity":1,"s:46:2:66:Infinity":11,"s:48:23:48:Infinity":12,"s:49:4:53:Infinity":13,"b:54:9:66:Infinity:60:9:66:Infinity":2,"s:54:9:66:Infinity":14,"s:56:4:59:Infinity":15,"s:62:4:65:Infinity":16,"f:73:9:73:26":1,"s:74:36:74:Infinity":17,"b:77:2:80:Infinity:undefined:undefined:undefined:undefined":3,"s:77:2:80:Infinity":18,"s:78:25:78:Infinity":19,"s:79:4:79:Infinity":20,"b:79:12:79:73:79:73:79:Infinity":4,"b:83:2:89:Infinity:86:9:89:Infinity":5,"s:83:2:89:Infinity":21,"s:85:4:85:Infinity":22,"s:88:4:88:Infinity":23,"f:95:16:95:38":2,"s:96:49:103:Infinity":24,"s:105:17:105:Infinity":25,"b:105:17:105:47:105:47:105:Infinity":6,"s:106:31:106:Infinity":26,"s:108:2:108:Infinity":27,"f:114:16:114:31":3,"b:114:71:114:82":7,"s:115:2:115:Infinity":28,"f:121:16:121:34":4,"s:125:23:125:Infinity":29,"s:126:18:126:Infinity":30,"s:128:21:128:Infinity":31,"s:129:48:129:Infinity":32,"b:130:2:136:Infinity:132:9:136:Infinity":8,"s:130:2:136:Infinity":33,"s:131:4:131:Infinity":34,"b:132:9:136:Infinity:134:9:136:Infinity":9,"s:132:9:136:Infinity":35,"s:133:4:133:Infinity":36,"s:135:4:135:Infinity":37,"s:138:2:138:Infinity":38}}}
}
